<?xml version="1.0" encoding="UTF-8"?>
<testng-results ignored="0" total="2" passed="2" failed="0" skipped="0">
  <reporter-output>
  </reporter-output>
  <suite started-at="2021-12-29T15:45:05 IST" name="Suite" finished-at="2021-12-29T15:47:19 IST" duration-ms="134863">
    <groups>
    </groups>
    <test started-at="2021-12-29T15:45:05 IST" name="Test" finished-at="2021-12-29T15:47:19 IST" duration-ms="134863">
      <class name="tests.PropLoginPageTest">
        <test-method is-config="true" signature="openBrowser()[pri:0, instance:tests.PropLoginPageTest@b9b00e0]" started-at="2021-12-29T15:45:05 IST" name="openBrowser" finished-at="2021-12-29T15:45:43 IST" duration-ms="38573" status="PASS">
          <reporter-output>
          </reporter-output>
        </test-method> <!-- openBrowser -->
        <test-method signature="testCase2()[pri:-1, instance:tests.PropLoginPageTest@b9b00e0]" started-at="2021-12-29T15:45:43 IST" name="testCase2" finished-at="2021-12-29T15:45:44 IST" duration-ms="900" status="PASS">
          <reporter-output>
          </reporter-output>
        </test-method> <!-- testCase2 -->
        <test-method is-config="true" signature="ScreenShot(org.testng.ITestResult)[pri:0, instance:tests.PropLoginPageTest@b9b00e0]" started-at="2021-12-29T15:45:44 IST" name="ScreenShot" finished-at="2021-12-29T15:45:45 IST" duration-ms="1058" status="PASS">
          <params>
            <param index="0">
              <value>
                <![CDATA[[TestResult name=testCase2 status=SUCCESS method=PropLoginPageTest.testCase2()[pri:-1, instance:tests.PropLoginPageTest@b9b00e0] output={null}]]]>
              </value>
            </param>
          </params>
          <reporter-output>
          </reporter-output>
        </test-method> <!-- ScreenShot -->
        <test-method signature="testCase1()[pri:1, instance:tests.PropLoginPageTest@b9b00e0]" started-at="2021-12-29T15:45:45 IST" name="testCase1" finished-at="2021-12-29T15:47:14 IST" duration-ms="88869" status="PASS">
          <reporter-output>
          </reporter-output>
        </test-method> <!-- testCase1 -->
        <test-method is-config="true" signature="ScreenShot(org.testng.ITestResult)[pri:0, instance:tests.PropLoginPageTest@b9b00e0]" started-at="2021-12-29T15:47:14 IST" name="ScreenShot" finished-at="2021-12-29T15:47:15 IST" duration-ms="421" status="PASS">
          <params>
            <param index="0">
              <value>
                <![CDATA[[TestResult name=testCase1 status=SUCCESS method=PropLoginPageTest.testCase1()[pri:1, instance:tests.PropLoginPageTest@b9b00e0] output={null}]]]>
              </value>
            </param>
          </params>
          <reporter-output>
          </reporter-output>
        </test-method> <!-- ScreenShot -->
        <test-method is-config="true" signature="tearDown()[pri:0, instance:tests.PropLoginPageTest@b9b00e0]" started-at="2021-12-29T15:47:15 IST" name="tearDown" finished-at="2021-12-29T15:47:19 IST" duration-ms="4879" status="PASS">
          <reporter-output>
          </reporter-output>
        </test-method> <!-- tearDown -->
      </class> <!-- tests.PropLoginPageTest -->
    </test> <!-- Test -->
  </suite> <!-- Suite -->
</testng-results>
