<?xml version="1.0" encoding="UTF-8"?>
<testng-results ignored="0" total="2" passed="2" failed="0" skipped="0">
  <reporter-output>
  </reporter-output>
  <suite started-at="2021-12-28T15:30:35 IST" name="Default suite" finished-at="2021-12-28T15:33:49 IST" duration-ms="193591">
    <groups>
    </groups>
    <test started-at="2021-12-28T15:30:35 IST" name="Default test" finished-at="2021-12-28T15:33:49 IST" duration-ms="193591">
      <class name="tests.LoginPageTest">
        <test-method is-config="true" signature="openBrowser()[pri:0, instance:tests.LoginPageTest@55634720]" started-at="2021-12-28T15:30:35 IST" name="openBrowser" finished-at="2021-12-28T15:32:14 IST" duration-ms="98753" status="PASS">
          <reporter-output>
          </reporter-output>
        </test-method> <!-- openBrowser -->
        <test-method signature="testCase2()[pri:-1, instance:tests.LoginPageTest@55634720]" started-at="2021-12-28T15:32:15 IST" name="testCase2" finished-at="2021-12-28T15:32:25 IST" duration-ms="10900" status="PASS">
          <reporter-output>
          </reporter-output>
        </test-method> <!-- testCase2 -->
        <test-method is-config="true" signature="ScreenShot(org.testng.ITestResult)[pri:0, instance:tests.LoginPageTest@55634720]" started-at="2021-12-28T15:32:26 IST" name="ScreenShot" finished-at="2021-12-28T15:32:34 IST" duration-ms="8913" status="PASS">
          <params>
            <param index="0">
              <value>
                <![CDATA[[TestResult name=testCase2 status=SUCCESS method=LoginPageTest.testCase2()[pri:-1, instance:tests.LoginPageTest@55634720] output={null}]]]>
              </value>
            </param>
          </params>
          <reporter-output>
          </reporter-output>
        </test-method> <!-- ScreenShot -->
        <test-method signature="testCase1()[pri:1, instance:tests.LoginPageTest@55634720]" started-at="2021-12-28T15:32:34 IST" name="testCase1" finished-at="2021-12-28T15:33:44 IST" duration-ms="69486" status="PASS">
          <reporter-output>
          </reporter-output>
        </test-method> <!-- testCase1 -->
        <test-method is-config="true" signature="ScreenShot(org.testng.ITestResult)[pri:0, instance:tests.LoginPageTest@55634720]" started-at="2021-12-28T15:33:44 IST" name="ScreenShot" finished-at="2021-12-28T15:33:45 IST" duration-ms="658" status="PASS">
          <params>
            <param index="0">
              <value>
                <![CDATA[[TestResult name=testCase1 status=SUCCESS method=LoginPageTest.testCase1()[pri:1, instance:tests.LoginPageTest@55634720] output={null}]]]>
              </value>
            </param>
          </params>
          <reporter-output>
          </reporter-output>
        </test-method> <!-- ScreenShot -->
        <test-method is-config="true" signature="tearDown()[pri:0, instance:tests.LoginPageTest@55634720]" started-at="2021-12-28T15:33:45 IST" name="tearDown" finished-at="2021-12-28T15:33:49 IST" duration-ms="4211" status="PASS">
          <reporter-output>
          </reporter-output>
        </test-method> <!-- tearDown -->
      </class> <!-- tests.LoginPageTest -->
    </test> <!-- Default test -->
  </suite> <!-- Default suite -->
</testng-results>
